+zsh:2> date -u +%Y-%m-%dT%H:%M:%SZ
2026-07-18T23:01:42Z
+zsh:3> pwd -P
/private/tmp/lorepia-lua-fix-macos.qMTSNB/spikes/lua-limits
+zsh:4> git rev-parse HEAD
9975d80521c61d5c25bc9509c609439cfa371d58
+zsh:5> git status '--porcelain=v1'
+zsh:6> sw_vers
ProductName:		macOS
ProductVersion:		26.5.2
BuildVersion:		25F84
+zsh:7> uname -m
arm64
+zsh:8> sysctl -n hw.model
Mac16,10
+zsh:9> sysctl -n hw.memsize
17179869184
+zsh:10> xcodebuild -version
Xcode 26.6
Build version 17F113
+zsh:11> node --version
v22.23.0
+zsh:12> npm --version
10.9.8
+zsh:13> rustc --version --verbose
rustc 1.97.1 (8bab26f4f 2026-07-14)
binary: rustc
commit-hash: 8bab26f4f68e0e26f0bb7960be334d5b520ea452
commit-date: 2026-07-14
host: aarch64-apple-darwin
release: 1.97.1
LLVM version: 22.1.6
+zsh:14> cargo --version
cargo 1.97.1 (c980f4866 2026-06-30)
+zsh:15> shasum -a 256 package-lock.json src-tauri/Cargo.lock fixtures/catalog.json
049d114c3b4c672e38bb24a897bdd2702371b7ad7bebc7ae3f106465a73d93b5  package-lock.json
0f99c5dc2d5faad92b9926fe67b0c53a1d7a821059f91bac67942d2d746a3307  src-tauri/Cargo.lock
9ea567d6901ec39412e73f439ee9ea7d47538baea4d1a92cd409c9f3e9b97db5  fixtures/catalog.json
+zsh:16> npm ci

added 87 packages, and audited 88 packages in 1s

21 packages are looking for funding
  run `npm fund` for details

3 low severity vulnerabilities

To address all issues (including breaking changes), run:
  npm audit fix --force

Run `npm audit` for details.
+zsh:17> npm test

> @lorepia/spike-lua-limits@0.1.0 test
> vitest run


 RUN  v4.1.10 /private/tmp/lorepia-lua-fix-macos.qMTSNB/spikes/lua-limits


 Test Files  3 passed (3)
      Tests  49 passed (49)
   Start at  08:01:45
   Duration  314ms (transform 121ms, setup 0ms, import 371ms, tests 29ms, environment 0ms)

+zsh:18> cargo test --locked --manifest-path src-tauri/Cargo.toml --all-targets
   Compiling proc-macro2 v1.0.106
   Compiling unicode-ident v1.0.24
   Compiling quote v1.0.46
   Compiling serde_core v1.0.228
   Compiling libc v0.2.186
   Compiling memchr v2.8.3
   Compiling smallvec v1.15.2
   Compiling cfg-if v1.0.4
   Compiling shlex v2.0.1
   Compiling find-msvc-tools v0.1.9
   Compiling writeable v0.6.3
   Compiling litemap v0.8.2
   Compiling cc v1.3.0
   Compiling siphasher v1.0.3
   Compiling itoa v1.0.18
   Compiling utf8_iter v1.0.4
   Compiling phf_shared v0.13.1
   Compiling fastrand v2.4.1
   Compiling icu_properties_data v2.2.0
   Compiling icu_normalizer_data v2.2.0
   Compiling stable_deref_trait v1.2.1
   Compiling serde v1.0.228
   Compiling phf_generator v0.13.1
   Compiling ryu v1.0.23
   Compiling time-core v0.1.9
   Compiling num-conv v0.2.2
   Compiling winnow v1.0.4
   Compiling scopeguard v1.2.0
   Compiling parking_lot_core v0.9.12
   Compiling toml_parser v1.1.2+spec-1.1.0
   Compiling phf_codegen v0.13.1
   Compiling deranged v0.5.8
   Compiling toml_writer v1.1.2+spec-1.1.0
   Compiling serde_json v1.0.145
   Compiling strsim v0.11.1
   Compiling powerfmt v0.2.0
   Compiling typeid v1.0.3
   Compiling ident_case v1.0.1
   Compiling objc2-exception-helper v0.1.1
   Compiling syn v2.0.119
   Compiling syn v3.0.0
   Compiling erased-serde v0.4.10
   Compiling log v0.4.33
   Compiling thiserror v2.0.19
   Compiling autocfg v1.5.1
   Compiling byteorder v1.5.0
   Compiling bitflags v2.13.1
   Compiling aho-corasick v1.1.4
   Compiling thiserror-impl v2.0.19
   Compiling synstructure v0.13.2
   Compiling darling_core v0.23.0
   Compiling thiserror v1.0.69
   Compiling fnv v1.0.7
   Compiling version_check v0.9.5
   Compiling regex-syntax v0.8.11
   Compiling unic-char-range v0.9.0
   Compiling unic-common v0.9.0
   Compiling new_debug_unreachable v1.0.6
   Compiling unic-ucd-version v0.9.0
   Compiling unic-char-property v0.9.0
   Compiling string_cache_codegen v0.6.1
   Compiling lock_api v0.4.14
   Compiling zerofrom-derive v0.1.7
   Compiling yoke-derive v0.8.2
   Compiling zerovec-derive v0.11.3
   Compiling serde_derive v1.0.228
   Compiling displaydoc v0.2.6
   Compiling phf_macros v0.13.1
   Compiling regex-automata v0.4.16
   Compiling zerofrom v0.1.8
   Compiling darling_macro v0.23.0
   Compiling thiserror-impl v1.0.69
   Compiling darling v0.23.0
   Compiling phf v0.13.1
   Compiling hashbrown v0.17.1
   Compiling equivalent v1.0.2
   Compiling objc2 v0.6.4
   Compiling bytes v1.12.1
   Compiling getrandom v0.4.3
   Compiling precomputed-hash v0.1.1
   Compiling alloc-no-stdlib v2.0.4
   Compiling alloc-stdlib v0.2.4
   Compiling indexmap v2.14.0
   Compiling yoke v0.8.3
   Compiling regex v1.13.1
   Compiling serde_with_macros v3.21.0
   Compiling web_atoms v0.2.5
   Compiling parking_lot v0.12.5
   Compiling unic-ucd-ident v0.9.0
   Compiling serde_spanned v1.1.1
   Compiling quick-xml v0.41.0
   Compiling anyhow v1.0.104
   Compiling base64 v0.22.1
   Compiling objc2-encode v4.1.0
   Compiling string_cache v0.9.0
   Compiling http v1.4.2
   Compiling brotli-decompressor v5.0.3
   Compiling semver v1.0.28
   Compiling dtoa v1.0.11
   Compiling ctor-proc-macro v0.0.7
   Compiling percent-encoding v2.3.2
   Compiling dunce v1.0.5
   Compiling same-file v1.0.6
   Compiling ctor v0.8.0
   Compiling form_urlencoded v1.2.2
   Compiling dtoa-short v0.3.5
   Compiling walkdir v2.5.0
   Compiling brotli v8.0.4
   Compiling uuid v1.24.0
   Compiling derive_more-impl v2.1.1
   Compiling zerovec v0.11.6
   Compiling zerotrie v0.2.4
   Compiling cssparser-macros v0.6.1
   Compiling tendril v0.5.1
   Compiling indexmap v1.9.3
   Compiling toml_datetime v1.1.1+spec-1.1.0
   Compiling selectors v0.36.1
   Compiling glob v0.3.3
   Compiling rustc-hash v2.1.3
   Compiling camino v1.2.4
   Compiling toml v1.1.3+spec-1.1.0
   Compiling cssparser v0.36.0
   Compiling markup5ever v0.38.0
   Compiling derive_more v2.1.1
   Compiling swift-rs v1.0.7
   Compiling serde_derive_internals v0.29.1
   Compiling servo_arc v0.4.3
   Compiling hashbrown v0.12.3
   Compiling schemars v0.8.22
   Compiling bit-vec v0.8.0
   Compiling bit-set v0.8.0
   Compiling schemars_derive v0.8.22
   Compiling tinystr v0.8.3
   Compiling potential_utf v0.1.5
   Compiling icu_collections v2.2.0
   Compiling icu_locale_core v2.2.0
   Compiling html5ever v0.38.0
   Compiling icu_provider v2.2.0
   Compiling icu_properties v2.2.0
   Compiling icu_normalizer v2.2.0
   Compiling cfb v0.7.3
   Compiling jsonptr v0.6.3
   Compiling cargo-platform v0.1.9
   Compiling block2 v0.6.2
   Compiling objc2-core-foundation v0.3.2
   Compiling idna_adapter v1.2.2
   Compiling time v0.3.53
   Compiling idna v1.1.0
   Compiling base64 v0.21.7
   Compiling option-ext v0.2.0
   Compiling url v2.5.8
   Compiling foldhash v0.2.0
   Compiling crc32fast v1.5.0
   Compiling dyn-clone v1.0.20
   Compiling simd-adler32 v0.3.10
   Compiling serde-untagged v0.1.9
   Compiling dirs-sys v0.5.0
   Compiling infer v0.19.0
   Compiling cargo_metadata v0.19.2
   Compiling json-patch v3.0.1
   Compiling objc2-foundation v0.3.2
   Compiling dom_query v0.27.0
   Compiling urlpattern v0.3.0
   Compiling serde_with v3.21.0
   Compiling generic-array v0.14.7
   Compiling adler2 v2.0.1
   Compiling miniz_oxide v0.8.9
   Compiling plist v1.10.0
   Compiling dirs v6.0.0
   Compiling rustc_version v0.4.1
   Compiling toml_datetime v0.7.5+spec-1.1.0
   Compiling time-macros v0.2.31
   Compiling winnow v0.7.15
   Compiling typenum v1.20.1
   Compiling embed-resource v3.0.11
   Compiling flate2 v1.1.9
   Compiling fdeflate v0.3.7
   Compiling crossbeam-utils v0.8.22
   Compiling heck v0.5.0
   Compiling tauri-winres v0.3.6
   Compiling dpi v0.1.2
   Compiling tauri-utils v2.9.3
   Compiling toml v0.9.12+spec-1.1.0
   Compiling cookie v0.18.1
   Compiling raw-window-handle v0.6.2
   Compiling core-foundation-sys v0.8.7
   Compiling core-foundation v0.10.1
   Compiling block-buffer v0.10.4
   Compiling crypto-common v0.1.7
   Compiling foreign-types-macros v0.2.3
   Compiling objc2-app-kit v0.3.2
   Compiling cargo_toml v0.22.3
   Compiling which v8.0.5
   Compiling once_cell v1.21.4
   Compiling bitflags v1.3.2
   Compiling foreign-types-shared v0.3.1
   Compiling png v0.17.16
   Compiling luajit-src v210.7.2+b925b3e
   Compiling foreign-types v0.5.0
   Compiling core-graphics-types v0.2.0
   Compiling crossbeam-channel v0.5.16
   Compiling digest v0.10.7
   Compiling cpufeatures v0.2.17
   Compiling lua-src v550.1.1
   Compiling wry v0.55.1
   Compiling tauri-runtime v2.11.3
   Compiling pkg-config v0.3.33
   Compiling sha2 v0.10.9
   Compiling core-graphics v0.25.0
   Compiling ico v0.5.0
   Compiling dispatch2 v0.3.1
   Compiling mlua-sys v0.11.0
   Compiling num-traits v0.2.19
   Compiling getrandom v0.3.4
   Compiling unicode-segmentation v1.13.3
   Compiling tauri-runtime-wry v2.11.4
   Compiling png v0.18.1
   Compiling serialize-to-javascript-impl v0.1.2
   Compiling keyboard-types v0.7.0
   Compiling pin-project-lite v0.2.17
   Compiling tokio v1.53.0
   Compiling objc2-web-kit v0.3.2
   Compiling tao v0.35.3
   Compiling window-vibrancy v0.6.0
   Compiling muda v0.19.3
   Compiling serialize-to-javascript v0.1.2
   Compiling serde_repr v0.1.21
   Compiling bstr v1.13.0
   Compiling either v1.16.0
   Compiling embed_plist v1.2.2
   Compiling mime v0.3.17
   Compiling tauri-build v2.6.3
   Compiling tauri-codegen v2.6.3
   Compiling mlua v0.12.0
   Compiling tauri v2.11.5
   Compiling tauri-macros v2.6.3
   Compiling lorepia-lua-limits-spike v0.1.0 (/private/tmp/lorepia-lua-fix-macos.qMTSNB/spikes/lua-limits/src-tauri)
    Finished `test` profile [unoptimized + debuginfo] target(s) in 36.00s
     Running unittests src/lib.rs (src-tauri/target/debug/deps/spikeslualimits_lib-6cd944d83c369fd2)

running 12 tests
test command_surface_tests::native_command_surface_is_exact ... ok
test probe::tests::process_lock_rejects_concurrent_entry_without_waiting ... ok
test probe::tests::failure_json_has_only_protocol_and_bounded_code ... ok
test probe::tests::cargo_feature_surface_and_ios_bundle_bridge_are_pinned ... ok
test probe::tests::fixture_catalog_order_sizes_and_hashes_are_pinned ... ok
test probe::tests::text_mode_rejects_a_precompiled_chunk_marker_before_execution ... ok
test probe::tests::policy_constants_and_global_surface_are_exact ... ok
test probe::tests::pcall_xpcall_and_coroutine_bypass_surfaces_are_really_absent ... ok
test probe::tests::hostile_cases_interrupt_and_every_followup_state_recovers ... ok
test probe::tests::serialized_success_json_surface_is_exact ... ok
test probe::tests::serialized_receipt_is_bounded_and_contains_no_raw_source_or_error ... ok
test probe::tests::stable_receipt_projection_is_deterministic ... ok

test result: ok. 12 passed; 0 failed; 0 ignored; 0 measured; 0 filtered out; finished in 0.03s

     Running unittests src/main.rs (src-tauri/target/debug/deps/lorepia_lua_limits_spike-5d198c630119d1c2)

running 0 tests

test result: ok. 0 passed; 0 failed; 0 ignored; 0 measured; 0 filtered out; finished in 0.00s

+zsh:19> npm run tauri build -- --debug --bundles app --ci

> @lorepia/spike-lua-limits@0.1.0 tauri
> tauri build --debug --bundles app --ci

        Info Looking up installed tauri packages to check mismatched versions...
     Running beforeBuildCommand `npm run build`

> @lorepia/spike-lua-limits@0.1.0 build
> vite build

vite v8.1.5 building ssr environment for production...
✓ 148 modules transformed.
rendering chunks (1)...rendering chunks (2)...rendering chunks (3)...rendering chunks (4)...rendering chunks (5)...rendering chunks (6)...rendering chunks (7)...rendering chunks (8)...rendering chunks (9)...rendering chunks (10)...rendering chunks (11)...rendering chunks (12)...rendering chunks (13)...rendering chunks (14)...rendering chunks (15)...vite v8.1.5 building client environment for production...
✓ 159 modules transformed.
rendering chunks (1)...rendering chunks (2)...rendering chunks (3)...rendering chunks (4)...rendering chunks (5)...rendering chunks (6)...rendering chunks (7)...rendering chunks (8)...rendering chunks (9)...computing gzip size...
.svelte-kit/output/client/_app/version.json                        0.02 kB │ gzip:  0.04 kB
.svelte-kit/output/client/.vite/manifest.json                      2.28 kB │ gzip:  0.48 kB
.svelte-kit/output/client/_app/immutable/chunks/xihTtKlq.js        0.06 kB │ gzip:  0.08 kB
.svelte-kit/output/client/_app/immutable/entry/start.C8JIRe0P.js   0.07 kB │ gzip:  0.08 kB
.svelte-kit/output/client/_app/immutable/nodes/0.DuWwUfcX.js       0.21 kB │ gzip:  0.18 kB
.svelte-kit/output/client/_app/immutable/nodes/1.C0pzOqUJ.js       0.62 kB │ gzip:  0.35 kB
.svelte-kit/output/client/_app/immutable/chunks/Bjy-W4x2.js        1.36 kB │ gzip:  0.65 kB
.svelte-kit/output/client/_app/immutable/entry/app.CuCOlp_y.js     3.92 kB │ gzip:  1.82 kB
.svelte-kit/output/client/_app/immutable/nodes/2.DZmmu01Z.js       6.29 kB │ gzip:  2.81 kB
.svelte-kit/output/client/_app/immutable/chunks/DxoGHQWq.js       26.68 kB │ gzip: 10.32 kB
.svelte-kit/output/client/_app/immutable/chunks/C4DT2ZEi.js       36.72 kB │ gzip: 14.06 kB

✓ built in 61ms
computing gzip size...
.svelte-kit/output/server/.vite/manifest.json                   2.94 kB │ gzip:  0.51 kB
.svelte-kit/output/server/entries/pages/_layout.ts.js           0.07 kB │ gzip:  0.09 kB
.svelte-kit/output/server/env.js                                0.22 kB │ gzip:  0.14 kB
.svelte-kit/output/server/entries/fallbacks/layout.svelte.js    0.28 kB │ gzip:  0.21 kB
.svelte-kit/output/server/chunks/env.js                         0.28 kB │ gzip:  0.17 kB
.svelte-kit/output/server/internal.js                           0.40 kB │ gzip:  0.19 kB
.svelte-kit/output/server/entries/pages/_page.svelte.js         0.72 kB │ gzip:  0.46 kB
.svelte-kit/output/server/chunks/internal2.js                   0.87 kB │ gzip:  0.38 kB
.svelte-kit/output/server/entries/fallbacks/error.svelte.js     5.12 kB │ gzip:  1.97 kB
.svelte-kit/output/server/chunks/exports.js                     9.00 kB │ gzip:  2.96 kB
.svelte-kit/output/server/chunks/shared.js                     10.57 kB │ gzip:  3.38 kB
.svelte-kit/output/server/chunks/internal.js                   25.41 kB │ gzip:  7.85 kB
.svelte-kit/output/server/chunks/utils.js                      31.76 kB │ gzip:  9.35 kB
.svelte-kit/output/server/remote-entry.js                      54.47 kB │ gzip: 12.01 kB
.svelte-kit/output/server/index.js                            125.81 kB │ gzip: 31.88 kB
.svelte-kit/output/server/chunks/server.js                    126.32 kB │ gzip: 32.77 kB

✓ built in 895ms

Run npm run preview to preview your production build locally.

> Using @sveltejs/adapter-static
  Wrote site to "build"
  ✔ done
   Compiling objc2-exception-helper v0.1.1
   Compiling tauri v2.11.5
   Compiling tauri-macros v2.6.3
   Compiling objc2 v0.6.4
   Compiling lorepia-lua-limits-spike v0.1.0 (/private/tmp/lorepia-lua-fix-macos.qMTSNB/spikes/lua-limits/src-tauri)
   Compiling objc2-core-foundation v0.3.2
   Compiling block2 v0.6.2
   Compiling dispatch2 v0.3.1
   Compiling objc2-foundation v0.3.2
   Compiling objc2-app-kit v0.3.2
   Compiling objc2-web-kit v0.3.2
   Compiling tao v0.35.3
   Compiling muda v0.19.3
   Compiling window-vibrancy v0.6.0
   Compiling wry v0.55.1
   Compiling tauri-runtime v2.11.3
   Compiling tauri-runtime-wry v2.11.4
    Finished `dev` profile [unoptimized + debuginfo] target(s) in 41.58s
       Built application at: /private/tmp/lorepia-lua-fix-macos.qMTSNB/spikes/lua-limits/src-tauri/target/debug/lorepia-lua-limits-spike
    Bundling LorePia Lua Limits Spike.app (/private/tmp/lorepia-lua-fix-macos.qMTSNB/spikes/lua-limits/src-tauri/target/debug/bundle/macos/LorePia Lua Limits Spike.app)
    Finished 1 bundle at:
        /private/tmp/lorepia-lua-fix-macos.qMTSNB/spikes/lua-limits/src-tauri/target/debug/bundle/macos/LorePia Lua Limits Spike.app

+zsh:20> date -u +%Y-%m-%dT%H:%M:%SZ
2026-07-18T23:03:07Z
