UTC_START=2026-07-18T23:02:24Z
COMMAND=npm run tauri android build -- --debug --target aarch64 --apk --ci

> @lorepia/spike-lua-limits@0.1.0 tauri
> tauri android build --debug --target aarch64 --apk --ci

        Info Using installed NDK: /Users/codexer/Library/Android/lorepia-sdk/ndk/28.2.13676358
        Info Looking up installed tauri packages to check mismatched versions...
     Running beforeBuildCommand `npm run build`

> @lorepia/spike-lua-limits@0.1.0 build
> vite build

vite v8.1.5 building ssr environment for production...

✓ 148 modules transformed.

rendering chunks (1)...
rendering chunks (2)...
rendering chunks (3)...
rendering chunks (4)...
rendering chunks (5)...
rendering chunks (6)...
rendering chunks (7)...
rendering chunks (8)...
rendering chunks (9)...
rendering chunks (10)...
rendering chunks (11)...
rendering chunks (12)...
rendering chunks (13)...
rendering chunks (14)...
rendering chunks (15)...
vite v8.1.5 building client environment for production...

✓ 159 modules transformed.

rendering chunks (1)...
rendering chunks (2)...
rendering chunks (3)...
rendering chunks (4)...
rendering chunks (5)...
rendering chunks (6)...
rendering chunks (7)...
rendering chunks (8)...
rendering chunks (9)...
computing gzip size...

.svelte-kit/output/client/_app/version.json                        0.02 kB │ gzip:  0.04 kB
.svelte-kit/output/client/.vite/manifest.json                      2.28 kB │ gzip:  0.48 kB
.svelte-kit/output/client/_app/immutable/chunks/xihTtKlq.js        0.06 kB │ gzip:  0.08 kB
.svelte-kit/output/client/_app/immutable/entry/start.ZQ39dWKY.js   0.07 kB │ gzip:  0.08 kB
.svelte-kit/output/client/_app/immutable/nodes/0.DuWwUfcX.js       0.21 kB │ gzip:  0.18 kB
.svelte-kit/output/client/_app/immutable/nodes/1.Bv-PZwV5.js       0.62 kB │ gzip:  0.35 kB
.svelte-kit/output/client/_app/immutable/chunks/Bjy-W4x2.js        1.36 kB │ gzip:  0.65 kB
.svelte-kit/output/client/_app/immutable/entry/app.BgUclgWP.js     3.92 kB │ gzip:  1.81 kB
.svelte-kit/output/client/_app/immutable/nodes/2.DZmmu01Z.js       6.29 kB │ gzip:  2.81 kB
.svelte-kit/output/client/_app/immutable/chunks/CiThDUE_.js       26.68 kB │ gzip: 10.32 kB
.svelte-kit/output/client/_app/immutable/chunks/C4DT2ZEi.js       36.72 kB │ gzip: 14.06 kB

✓ built in 59ms
computing gzip size...

.svelte-kit/output/server/.vite/manifest.json                   2.94 kB │ gzip:  0.51 kB
.svelte-kit/output/server/entries/pages/_layout.ts.js           0.07 kB │ gzip:  0.09 kB
.svelte-kit/output/server/env.js                                0.22 kB │ gzip:  0.14 kB
.svelte-kit/output/server/entries/fallbacks/layout.svelte.js    0.28 kB │ gzip:  0.21 kB
.svelte-kit/output/server/chunks/env.js                         0.28 kB │ gzip:  0.17 kB
.svelte-kit/output/server/internal.js                           0.40 kB │ gzip:  0.19 kB
.svelte-kit/output/server/entries/pages/_page.svelte.js         0.72 kB │ gzip:  0.46 kB
.svelte-kit/output/server/chunks/internal2.js                   0.87 kB │ gzip:  0.38 kB
.svelte-kit/output/server/entries/fallbacks/error.svelte.js     5.12 kB │ gzip:  1.97 kB
.svelte-kit/output/server/chunks/exports.js                     9.00 kB │ gzip:  2.96 kB
.svelte-kit/output/server/chunks/shared.js                     10.57 kB │ gzip:  3.38 kB
.svelte-kit/output/server/chunks/internal.js                   25.41 kB │ gzip:  7.85 kB
.svelte-kit/output/server/chunks/utils.js                      31.76 kB │ gzip:  9.35 kB
.svelte-kit/output/server/remote-entry.js                      54.47 kB │ gzip: 12.01 kB
.svelte-kit/output/server/index.js                            125.81 kB │ gzip: 31.88 kB
.svelte-kit/output/server/chunks/server.js                    126.32 kB │ gzip: 32.77 kB

✓ built in 1.00s

Run npm run preview to preview your production build locally.

> Using @sveltejs/adapter-static
  Wrote site to "build"
  ✔ done
   Compiling proc-macro2 v1.0.106
   Compiling unicode-ident v1.0.24
   Compiling quote v1.0.46
   Compiling libc v0.2.186
   Compiling serde_core v1.0.228
   Compiling siphasher v1.0.3
   Compiling fastrand v2.4.1
   Compiling cfg-if v1.0.4
   Compiling icu_properties_data v2.2.0
   Compiling icu_normalizer_data v2.2.0
   Compiling parking_lot_core v0.9.12
   Compiling serde v1.0.228
   Compiling stable_deref_trait v1.2.1
   Compiling memchr v2.8.3
   Compiling phf_shared v0.13.1
   Compiling smallvec v1.15.2
   Compiling phf_generator v0.13.1
   Compiling phf_codegen v0.13.1
   Compiling winnow v1.0.4
   Compiling version_check v0.9.5
   Compiling thiserror v1.0.69
   Compiling itoa v1.0.18
   Compiling typeid v1.0.3
   Compiling equivalent v1.0.2
   Compiling num-conv v0.2.2
   Compiling toml_parser v1.1.2+spec-1.1.0
   Compiling time-core v0.1.9
   Compiling hashbrown v0.17.1
   Compiling writeable v0.6.3
   Compiling ident_case v1.0.1
   Compiling strsim v0.11.1
   Compiling indexmap v2.14.0
   Compiling erased-serde v0.4.10
   Compiling litemap v0.8.2
   Compiling serde_json v1.0.145
   Compiling thiserror v2.0.19
   Compiling generic-array v0.14.7
   Compiling selectors v0.36.1
   Compiling ryu v1.0.23
   Compiling utf8_iter v1.0.4
   Compiling syn v2.0.119
   Compiling string_cache_codegen v0.6.1
   Compiling toml_datetime v1.1.1+spec-1.1.0
   Compiling syn v3.0.0
   Compiling autocfg v1.5.1
   Compiling new_debug_unreachable v1.0.6
   Compiling scopeguard v1.2.0
   Compiling web_atoms v0.2.5
   Compiling anyhow v1.0.104
   Compiling lock_api v0.4.14
   Compiling find-msvc-tools v0.1.9
   Compiling shlex v2.0.1
   Compiling getrandom v0.4.3
   Compiling precomputed-hash v0.1.1
   Compiling cc v1.3.0
   Compiling serde_spanned v1.1.1
   Compiling ctor-proc-macro v0.0.7
   Compiling parking_lot v0.12.5
   Compiling toml_writer v1.1.2+spec-1.1.0
   Compiling string_cache v0.9.0
   Compiling semver v1.0.28
   Compiling log v0.4.33
   Compiling dtoa v1.0.11
   Compiling percent-encoding v2.3.2
   Compiling form_urlencoded v1.2.2
   Compiling dtoa-short v0.3.5
   Compiling indexmap v1.9.3
   Compiling tendril v0.5.1
   Compiling aho-corasick v1.1.4
   Compiling camino v1.2.4
   Compiling regex-syntax v0.8.11
   Compiling unic-common v0.9.0
   Compiling uuid v1.24.0
   Compiling unic-char-range v0.9.0
   Compiling byteorder v1.5.0
   Compiling alloc-no-stdlib v2.0.4
   Compiling alloc-stdlib v0.2.4
   Compiling unic-char-property v0.9.0
   Compiling unic-ucd-version v0.9.0
   Compiling toml v1.1.3+spec-1.1.0
   Compiling synstructure v0.13.2
   Compiling darling_core v0.23.0
   Compiling thiserror-impl v2.0.19
   Compiling regex-automata v0.4.16
   Compiling serde_derive_internals v0.29.1
   Compiling servo_arc v0.4.3
   Compiling schemars v0.8.22
   Compiling pin-project-lite v0.2.17
   Compiling bit-vec v0.8.0
   Compiling powerfmt v0.2.0
   Compiling bitflags v2.13.1
   Compiling deranged v0.5.8
   Compiling futures-core v0.3.33
   Compiling fnv v1.0.7
   Compiling rustc-hash v2.1.3
   Compiling hashbrown v0.12.3
   Compiling cfb v0.7.3
   Compiling bit-set v0.8.0
   Compiling serde_derive v1.0.228
   Compiling zerofrom-derive v0.1.7
   Compiling yoke-derive v0.8.2
   Compiling zerovec-derive v0.11.3
   Compiling displaydoc v0.2.6
   Compiling phf_macros v0.13.1
   Compiling thiserror-impl v1.0.69
   Compiling cssparser-macros v0.6.1
   Compiling derive_more-impl v2.1.1
   Compiling darling_macro v0.23.0
   Compiling darling v0.23.0
   Compiling time v0.3.53
   Compiling phf v0.13.1
   Compiling serde_with_macros v3.21.0
   Compiling regex v1.13.1
   Compiling zerofrom v0.1.8
   Compiling derive_more v2.1.1
   Compiling cssparser v0.36.0
   Compiling yoke v0.8.3
   Compiling jni-sys-macros v0.4.1
   Compiling markup5ever v0.38.0
   Compiling schemars_derive v0.8.22
   Compiling html5ever v0.38.0
   Compiling unic-ucd-ident v0.9.0
   Compiling brotli-decompressor v5.0.3
   Compiling zerovec v0.11.6
   Compiling zerotrie v0.2.4
   Compiling quick-xml v0.41.0
   Compiling bytes v1.12.1
   Compiling jni-sys v0.3.1
   Compiling base64 v0.22.1
   Compiling foldhash v0.2.0
   Compiling dyn-clone v1.0.20
   Compiling dunce v1.0.5
   Compiling base64 v0.21.7
   Compiling same-file v1.0.6
   Compiling walkdir v2.5.0
   Compiling dom_query v0.27.0
   Compiling http v1.4.2
   Compiling brotli v8.0.4
   Compiling tinystr v0.8.3
   Compiling potential_utf v0.1.5
   Compiling icu_collections v2.2.0
   Compiling icu_locale_core v2.2.0
   Compiling serde_with v3.21.0
   Compiling jni-sys v0.4.1
   Compiling infer v0.19.0
   Compiling icu_provider v2.2.0
   Compiling swift-rs v1.0.7
   Compiling icu_properties v2.2.0
   Compiling icu_normalizer v2.2.0
   Compiling jsonptr v0.6.3
   Compiling cargo-platform v0.1.9
   Compiling cargo_metadata v0.19.2
   Compiling json-patch v3.0.1
   Compiling idna_adapter v1.2.2
   Compiling plist v1.10.0
   Compiling idna v1.1.0
   Compiling serde-untagged v0.1.9
   Compiling ctor v0.8.0
   Compiling url v2.5.8
   Compiling glob v0.3.3
   Compiling urlpattern v0.3.0
   Compiling rustc_version v0.4.1
   Compiling mio v1.2.2
   Compiling socket2 v0.6.5
   Compiling toml_edit v0.25.13+spec-1.1.0
   Compiling toml_datetime v0.7.5+spec-1.1.0
   Compiling time-macros v0.2.31
   Compiling typenum v1.20.1
   Compiling simd-adler32 v0.3.10
   Compiling winnow v0.7.15
   Compiling option-ext v0.2.0
   Compiling once_cell v1.21.4
   Compiling crc32fast v1.5.0
   Compiling rustversion v1.0.23
   Compiling dirs-sys v0.5.0
   Compiling proc-macro-crate v3.5.0
   Compiling tokio v1.53.0
   Compiling tauri-utils v2.9.3
   Compiling embed-resource v3.0.11
   Compiling heck v0.5.0
   Compiling crossbeam-utils v0.8.22
   Compiling adler2 v2.0.1
   Compiling miniz_oxide v0.8.9
   Compiling toml v0.9.12+spec-1.1.0
   Compiling tauri-winres v0.3.6
   Compiling num_enum_derive v0.7.6
   Compiling cargo_toml v0.22.3
   Compiling dirs v6.0.0
   Compiling http-body v1.1.0
   Compiling combine v4.6.7
   Compiling cookie v0.18.1
   Compiling slab v0.4.12
   Compiling futures-task v0.3.33
   Compiling raw-window-handle v0.6.2
   Compiling httparse v1.10.1
   Compiling cesu8 v1.1.0
   Compiling futures-util v0.3.33
   Compiling num_enum v0.7.6
   Compiling flate2 v1.1.9
   Compiling crypto-common v0.1.7
   Compiling block-buffer v0.10.4
   Compiling fdeflate v0.3.7
   Compiling ndk-sys v0.6.0+11769913
   Compiling dpi v0.1.2
   Compiling which v8.0.5
   Compiling try-lock v0.2.5
   Compiling bitflags v1.3.2
   Compiling tower-service v0.3.3
   Compiling png v0.17.16
   Compiling luajit-src v210.7.2+b925b3e
   Compiling want v0.3.1
   Compiling ndk v0.9.0
   Compiling digest v0.10.7
   Compiling jni v0.21.1
   Compiling crossbeam-channel v0.5.16
   Compiling tracing-core v0.1.36
   Compiling tao-macros v0.1.3
   Compiling sync_wrapper v1.0.2
   Compiling futures-channel v0.3.33
   Compiling lua-src v550.1.1
   Compiling cpufeatures v0.2.17
   Compiling tauri-runtime v2.11.3
   Compiling wry v0.55.1
   Compiling pkg-config v0.3.33
   Compiling atomic-waker v1.1.2
   Compiling tower-layer v0.3.3
   Compiling tower v0.5.3
   Compiling hyper v1.10.1
   Compiling tauri-build v2.6.3
   Compiling mlua-sys v0.11.0
   Compiling sha2 v0.10.9
   Compiling tracing v0.1.44
   Compiling ico v0.5.0
   Compiling num-traits v0.2.19
   Compiling ipnet v2.12.0
   Compiling getrandom v0.3.4
   Compiling tauri-runtime-wry v2.11.4
   Compiling futures-sink v0.3.33
   Compiling tokio-util v0.7.18
   Compiling tao v0.35.3
   Compiling hyper-util v0.1.20
   Compiling tauri-codegen v2.6.3
   Compiling tower-http v0.6.11
   Compiling http-body-util v0.1.4
   Compiling serialize-to-javascript-impl v0.1.2
   Compiling reqwest v0.13.4
   Compiling serialize-to-javascript v0.1.2
   Compiling serde_repr v0.1.21
   Compiling bstr v1.13.0
   Compiling mime v0.3.17
   Compiling either v1.16.0
   Compiling mlua v0.12.0
   Compiling tauri v2.11.5
   Compiling lorepia-lua-limits-spike v0.1.0 (/private/tmp/lorepia-lua-fix-android.QF8rdK/spikes/lua-limits/src-tauri)
   Compiling tauri-macros v2.6.3
    Finished `dev` profile [unoptimized + debuginfo] target(s) in 1m 04s
        Info symlinking lib "/private/tmp/lorepia-lua-fix-android.QF8rdK/spikes/lua-limits/src-tauri/target/aarch64-linux-android/debug/libspikeslualimits_lib.so" in jniLibs dir "/private/tmp/lorepia-lua-fix-android.QF8rdK/spikes/lua-limits/src-tauri/gen/android/app/src/main/jniLibs/arm64-v8a"
        Info "/private/tmp/lorepia-lua-fix-android.QF8rdK/spikes/lua-limits/src-tauri/target/aarch64-linux-android/debug/libspikeslualimits_lib.so" requires shared lib "libandroid.so"
        Info "/private/tmp/lorepia-lua-fix-android.QF8rdK/spikes/lua-limits/src-tauri/target/aarch64-linux-android/debug/libspikeslualimits_lib.so" requires shared lib "libdl.so"
        Info "/private/tmp/lorepia-lua-fix-android.QF8rdK/spikes/lua-limits/src-tauri/target/aarch64-linux-android/debug/libspikeslualimits_lib.so" requires shared lib "liblog.so"
        Info "/private/tmp/lorepia-lua-fix-android.QF8rdK/spikes/lua-limits/src-tauri/target/aarch64-linux-android/debug/libspikeslualimits_lib.so" requires shared lib "libm.so"
        Info "/private/tmp/lorepia-lua-fix-android.QF8rdK/spikes/lua-limits/src-tauri/target/aarch64-linux-android/debug/libspikeslualimits_lib.so" requires shared lib "libc.so"
        Info symlink at "/private/tmp/lorepia-lua-fix-android.QF8rdK/spikes/lua-limits/src-tauri/gen/android/app/src/main/jniLibs/arm64-v8a/libspikeslualimits_lib.so" points to "/private/tmp/lorepia-lua-fix-android.QF8rdK/spikes/lua-limits/src-tauri/target/aarch64-linux-android/debug/libspikeslualimits_lib.so"
w: file:///private/tmp/lorepia-lua-fix-android.QF8rdK/spikes/lua-limits/src-tauri/gen/android/buildSrc/src/main/java/dev/lorepia/spike/lualimits/kotlin/BuildTask.kt:53:17 'exec(Action<in ExecSpec!>): ExecResult' is deprecated. Deprecated in Java

> @lorepia/spike-lua-limits@0.1.0 tauri
> tauri android android-studio-script --target aarch64

        Info connection; remote_addr=127.0.0.1:53382 conn_id=0
        Info Using installed NDK: /Users/codexer/Library/Android/lorepia-sdk/ndk/28.2.13676358
   Compiling wry v0.55.1
   Compiling tauri v2.11.5
   Compiling lorepia-lua-limits-spike v0.1.0 (/private/tmp/lorepia-lua-fix-android.QF8rdK/spikes/lua-limits/src-tauri)
   Compiling tauri-runtime-wry v2.11.4
w: file:///Users/codexer/.cargo/registry/src/index.crates.io-1949cf8c6b5b557f/tauri-2.11.5/mobile/android/src/main/java/app/tauri/AppPlugin.kt:35:37 'onBackPressed(): Unit' is deprecated. Deprecated in Java
w: file:///Users/codexer/.cargo/registry/src/index.crates.io-1949cf8c6b5b557f/tauri-2.11.5/mobile/android/src/main/java/app/tauri/plugin/Plugin.kt:107:5 'onDestroy(): Unit' is deprecated. use onDestroy(activity: AppCompatActivity) instead
w: file:///Users/codexer/.cargo/registry/src/index.crates.io-1949cf8c6b5b557f/tauri-2.11.5/mobile/android/src/main/java/app/tauri/plugin/Plugin.kt:112:5 'onRestart(): Unit' is deprecated. use onRestart(activity: AppCompatActivity) instead
w: file:///Users/codexer/.cargo/registry/src/index.crates.io-1949cf8c6b5b557f/tauri-2.11.5/mobile/android/src/main/java/app/tauri/plugin/PluginMethodData.kt:11:23 Parameter 'methodDecorator' is never used
    Finished `dev` profile [unoptimized + debuginfo] target(s) in 13.64s
        Info symlinking lib "/private/tmp/lorepia-lua-fix-android.QF8rdK/spikes/lua-limits/src-tauri/target/aarch64-linux-android/debug/libspikeslualimits_lib.so" in jniLibs dir "/private/tmp/lorepia-lua-fix-android.QF8rdK/spikes/lua-limits/src-tauri/gen/android/app/src/main/jniLibs/arm64-v8a"
        Info "/private/tmp/lorepia-lua-fix-android.QF8rdK/spikes/lua-limits/src-tauri/target/aarch64-linux-android/debug/libspikeslualimits_lib.so" requires shared lib "libandroid.so"
        Info "/private/tmp/lorepia-lua-fix-android.QF8rdK/spikes/lua-limits/src-tauri/target/aarch64-linux-android/debug/libspikeslualimits_lib.so" requires shared lib "libdl.so"
        Info "/private/tmp/lorepia-lua-fix-android.QF8rdK/spikes/lua-limits/src-tauri/target/aarch64-linux-android/debug/libspikeslualimits_lib.so" requires shared lib "liblog.so"
        Info "/private/tmp/lorepia-lua-fix-android.QF8rdK/spikes/lua-limits/src-tauri/target/aarch64-linux-android/debug/libspikeslualimits_lib.so" requires shared lib "libm.so"
        Info "/private/tmp/lorepia-lua-fix-android.QF8rdK/spikes/lua-limits/src-tauri/target/aarch64-linux-android/debug/libspikeslualimits_lib.so" requires shared lib "libc.so"
Java compiler version 21 has deprecated support for compiling with source/target version 8.
Try one of the following options:
    1. [Recommended] Use Java toolchain with a lower language version
    2. Set a higher source/target version
    3. Use a lower version of the JDK running the build (if you're not using Java toolchain)
For more details on how to configure these settings, see https://developer.android.com/build/jdks.
To suppress this warning, set android.javaCompile.suppressSourceTargetDeprecationWarning=true in gradle.properties.
warning: [options] source value 8 is obsolete and will be removed in a future release
warning: [options] target value 8 is obsolete and will be removed in a future release
warning: [options] To suppress warnings about obsolete options, use -Xlint:-options.
3 warnings
w: file:///private/tmp/lorepia-lua-fix-android.QF8rdK/spikes/lua-limits/src-tauri/gen/android/app/src/main/java/dev/lorepia/spike/lualimits/generated/RustWebView.kt:26:18 'setter for databaseEnabled: Boolean' is deprecated. Deprecated in Java
w: file:///private/tmp/lorepia-lua-fix-android.QF8rdK/spikes/lua-limits/src-tauri/gen/android/app/src/main/java/dev/lorepia/spike/lualimits/generated/WryActivity.kt:69:46 'onBackPressed(): Unit' is deprecated. This method has been deprecated in favor of using the
      {@link OnBackPressedDispatcher} via {@link #getOnBackPressedDispatcher()}.
      The OnBackPressedDispatcher controls how back button events are dispatched
      to one or more {@link OnBackPressedCallback} objects.
Java compiler version 21 has deprecated support for compiling with source/target version 8.
Try one of the following options:
    1. [Recommended] Use Java toolchain with a lower language version
    2. Set a higher source/target version
    3. Use a lower version of the JDK running the build (if you're not using Java toolchain)
For more details on how to configure these settings, see https://developer.android.com/build/jdks.
To suppress this warning, set android.javaCompile.suppressSourceTargetDeprecationWarning=true in gradle.properties.
warning: [options] source value 8 is obsolete and will be removed in a future release
warning: [options] target value 8 is obsolete and will be removed in a future release
warning: [options] To suppress warnings about obsolete options, use -Xlint:-options.
3 warnings

[Incubating] Problems report is available at: file:///private/tmp/lorepia-lua-fix-android.QF8rdK/spikes/lua-limits/src-tauri/gen/android/build/reports/problems/problems-report.html

Deprecated Gradle features were used in this build, making it incompatible with Gradle 9.0.

You can use '--warning-mode all' to show the individual deprecation warnings and determine if they come from your own scripts or plugins.

For more on this, please refer to https://docs.gradle.org/8.14.3/userguide/command_line_interface.html#sec:command_line_warnings in the Gradle documentation.
    Finished 1 APK at:
        /private/tmp/lorepia-lua-fix-android.QF8rdK/spikes/lua-limits/src-tauri/gen/android/app/build/outputs/apk/universal/debug/app-universal-debug.apk

EXIT_CODE=0
UTC_END=2026-07-18T23:04:05Z
