app_path=/private/tmp/lorepia-lua-fix-ios.OExxQw/spikes/lua-limits/src-tauri/gen/apple/build/arm64-sim/LorePia Lua Limits Spike.app
executable_name=LorePia Lua Limits Spike
executable_path=/private/tmp/lorepia-lua-fix-ios.OExxQw/spikes/lua-limits/src-tauri/gen/apple/build/arm64-sim/LorePia Lua Limits Spike.app/LorePia Lua Limits Spike
app_file_count=9
app_total_file_bytes=88843674
executable_bytes=88566312
executable_sha256=03ef7395b7a3e9fea5b48e860536aaf2056043c92dbb78c015424aae06ae319e
info_plist_sha256=b9b4e687166b3ac9beae9953fe0dfc3b56c519492707f0672b9a17fd3c442d1c
/private/tmp/lorepia-lua-fix-ios.OExxQw/spikes/lua-limits/src-tauri/gen/apple/build/arm64-sim/LorePia Lua Limits Spike.app/LorePia Lua Limits Spike: Mach-O 64-bit executable arm64
Non-fat file: /private/tmp/lorepia-lua-fix-ios.OExxQw/spikes/lua-limits/src-tauri/gen/apple/build/arm64-sim/LorePia Lua Limits Spike.app/LorePia Lua Limits Spike is architecture: arm64
/private/tmp/lorepia-lua-fix-ios.OExxQw/spikes/lua-limits/src-tauri/gen/apple/build/arm64-sim/LorePia Lua Limits Spike.app/LorePia Lua Limits Spike:
Load command 10
      cmd LC_BUILD_VERSION
  cmdsize 32
 platform IOSSIMULATOR
    minos 14.0
      sdk 26.5
   ntools 1
     tool LD
  version 1267.0
/private/tmp/lorepia-lua-fix-ios.OExxQw/spikes/lua-limits/src-tauri/gen/apple/build/arm64-sim/LorePia Lua Limits Spike.app/LorePia Lua Limits Spike:
Mach header
      magic  cputype cpusubtype  caps    filetype ncmds sizeofcmds      flags
MH_MAGIC_64    ARM64        ALL  0x00     EXECUTE    45       6128   NOUNDEFS DYLDLINK TWOLEVEL WEAK_DEFINES BINDS_TO_WEAK PIE MH_HAS_TLV_DESCRIPTORS
/private/tmp/lorepia-lua-fix-ios.OExxQw/spikes/lua-limits/src-tauri/gen/apple/build/arm64-sim/LorePia Lua Limits Spike.app/LorePia Lua Limits Spike:
	/System/Library/Frameworks/CoreGraphics.framework/CoreGraphics (compatibility version 64.0.0, current version 1965.5.1)
	/System/Library/Frameworks/Metal.framework/Metal (compatibility version 1.0.0, current version 373.2.0)
	/System/Library/Frameworks/MetalKit.framework/MetalKit (compatibility version 1.0.0, current version 173.7.0)
	/System/Library/Frameworks/QuartzCore.framework/QuartzCore (compatibility version 1.2.0, current version 1195.14.4)
	/System/Library/Frameworks/Security.framework/Security (compatibility version 1.0.0, current version 61901.120.67)
	/System/Library/Frameworks/UIKit.framework/UIKit (compatibility version 1.0.0, current version 9126.5.5)
	/System/Library/Frameworks/WebKit.framework/WebKit (compatibility version 1.0.0, current version 624.2.5)
	/System/Library/Frameworks/Foundation.framework/Foundation (compatibility version 300.0.0, current version 5026.5.4)
	/usr/lib/libobjc.A.dylib (compatibility version 1.0.0, current version 228.0.0)
	/usr/lib/libc++.1.dylib (compatibility version 1.0.0, current version 2100.43.0)
	/usr/lib/libSystem.B.dylib (compatibility version 1.0.0, current version 1356.0.0)
	/System/Library/Frameworks/CoreFoundation.framework/CoreFoundation (compatibility version 150.0.0, current version 5026.5.4)
	/usr/lib/swift/libswiftCore.dylib (compatibility version 0.0.0, current version 0.0.0)
	/usr/lib/swift/libswiftCoreFoundation.dylib (compatibility version 1.0.0, current version 120.100.0, weak)
	/usr/lib/swift/libswiftCoreImage.dylib (compatibility version 1.0.0, current version 2.2.0, weak)
	/usr/lib/swift/libswiftDarwin.dylib (compatibility version 1.0.0, current version 377.120.8, weak)
	/usr/lib/swift/libswiftDispatch.dylib (compatibility version 1.0.0, current version 1542.100.32)
	/usr/lib/swift/libswiftMetal.dylib (compatibility version 1.0.0, current version 373.2.0, weak)
	/usr/lib/swift/libswiftOSLog.dylib (compatibility version 1.0.0, current version 10.0.0, weak)
	/usr/lib/swift/libswiftObjectiveC.dylib (compatibility version 1.0.0, current version 951.7.0)
	/usr/lib/swift/libswiftQuartzCore.dylib (compatibility version 1.0.0, current version 5.0.0, weak)
	/usr/lib/swift/libswiftSpatial.dylib (compatibility version 1.0.0, current version 1.0.0, weak)
	/usr/lib/swift/libswiftUniformTypeIdentifiers.dylib (compatibility version 1.0.0, current version 879.5.1, weak)
	/usr/lib/swift/libswiftXPC.dylib (compatibility version 1.0.0, current version 128.120.2, weak)
	/usr/lib/swift/libswiftos.dylib (compatibility version 1.0.0, current version 1082.0.0)
	/usr/lib/swift/libswiftsimd.dylib (compatibility version 1.0.0, current version 23.0.0, weak)
	/usr/lib/swift/libswiftFoundation.dylib (compatibility version 1.0.0, current version 1.0.0)
	/usr/lib/swift/libswiftUIKit.dylib (compatibility version 1.0.0, current version 1.0.0, weak)
libapp_path=/private/tmp/lorepia-lua-fix-ios.OExxQw/spikes/lua-limits/src-tauri/gen/apple/Externals/arm64/debug/libapp.a
libapp_bytes=347550280
libapp_sha256=8901695371088704e8d3413adda81834151bc4a3c6071fe4ab2709d527fdabab
Non-fat file: /private/tmp/lorepia-lua-fix-ios.OExxQw/spikes/lua-limits/src-tauri/gen/apple/Externals/arm64/debug/libapp.a is architecture: arm64
