ed4957999e0816dd-lauxlib.o
ed4957999e0816dd-liolib.o
ed4957999e0816dd-lopcodes.o
ed4957999e0816dd-lstate.o
ed4957999e0816dd-lobject.o
ed4957999e0816dd-lmathlib.o
ed4957999e0816dd-loadlib.o
ed4957999e0816dd-lvm.o
ed4957999e0816dd-lfunc.o
ed4957999e0816dd-lstrlib.o
ed4957999e0816dd-linit.o
ed4957999e0816dd-lstring.o
ed4957999e0816dd-lundump.o
ed4957999e0816dd-lctype.o
ed4957999e0816dd-ltable.o
ed4957999e0816dd-ldump.o
ed4957999e0816dd-loslib.o
ed4957999e0816dd-lgc.o
ed4957999e0816dd-lzio.o
ed4957999e0816dd-ldblib.o
ed4957999e0816dd-lutf8lib.o
ed4957999e0816dd-lmem.o
ed4957999e0816dd-lcorolib.o
ed4957999e0816dd-lcode.o
ed4957999e0816dd-ltablib.o
ed4957999e0816dd-lapi.o
ed4957999e0816dd-lbaselib.o
ed4957999e0816dd-ldebug.o
ed4957999e0816dd-lparser.o
ed4957999e0816dd-llex.o
ed4957999e0816dd-ltm.o
ed4957999e0816dd-ldo.o
