   Compiling siphasher v1.0.3
   Compiling libc v0.2.186
    Checking serde_core v1.0.229
   Compiling cfg-if v1.0.4
   Compiling memchr v2.8.3
   Compiling zerofrom v0.1.8
   Compiling dunce v1.0.5
   Compiling itoa v1.0.18
    Checking stable_deref_trait v1.2.1
   Compiling yoke v0.8.3
   Compiling time-core v0.1.9
   Compiling phf_shared v0.13.1
   Compiling num-conv v0.2.2
   Compiling writeable v0.6.3
   Compiling zerovec v0.11.6
   Compiling litemap v0.8.2
   Compiling zerotrie v0.2.4
   Compiling zmij v1.0.23
   Compiling utf8_iter v1.0.4
   Compiling phf_generator v0.13.1
    Checking smallvec v1.15.2
    Checking bytes v1.12.1
   Compiling jobserver v0.1.35
   Compiling phf_macros v0.13.1
   Compiling phf_codegen v0.13.1
   Compiling serde_json v1.0.150
   Compiling parking_lot_core v0.9.12
   Compiling string_cache_codegen v0.6.1
   Compiling cc v1.3.0
   Compiling icu_properties_data v2.2.0
   Compiling icu_normalizer_data v2.2.0
   Compiling winnow v1.0.4
   Compiling web_atoms v0.2.5
   Compiling parking_lot v0.12.5
    Checking tinystr v0.8.3
   Compiling potential_utf v0.1.5
   Compiling serde_spanned v1.1.1
   Compiling icu_locale_core v2.2.0
   Compiling icu_collections v2.2.0
    Checking once_cell v1.21.4
   Compiling phf v0.13.1
   Compiling toml_writer v1.1.2+spec-1.1.0
   Compiling toml_parser v1.1.2+spec-1.1.0
   Compiling string_cache v0.9.0
   Compiling getrandom v0.4.3
   Compiling log v0.4.33
   Compiling form_urlencoded v1.2.2
   Compiling uuid v1.24.0
   Compiling selectors v0.36.1
   Compiling aho-corasick v1.1.4
   Compiling toml_datetime v1.1.1+spec-1.1.0
    Checking icu_provider v2.2.0
   Compiling unic-common v0.9.0
   Compiling byteorder v1.5.0
   Compiling unic-char-range v0.9.0
   Compiling alloc-no-stdlib v2.0.4
   Compiling objc2-exception-helper v0.1.1
    Checking pin-project-lite v0.2.17
   Compiling regex-syntax v0.8.11
   Compiling alloc-stdlib v0.2.4
   Compiling unic-char-property v0.9.0
   Compiling icu_properties v2.2.0
   Compiling icu_normalizer v2.2.0
   Compiling toml v1.1.3+spec-1.1.0
   Compiling unic-ucd-version v0.9.0
    Checking bitflags v2.13.1
    Checking serde v1.0.229
   Compiling cssparser v0.36.0
   Compiling swift-rs v1.0.7
   Compiling objc2 v0.6.4
   Compiling markup5ever v0.38.0
    Checking http v1.4.2
   Compiling typeid v1.0.3
   Compiling deranged v0.5.8
    Checking percent-encoding v2.3.2
    Checking objc2-encode v4.1.0
   Compiling fnv v1.0.7
   Compiling powerfmt v0.2.0
   Compiling hashbrown v0.17.1
   Compiling equivalent v1.0.2
   Compiling cfb v0.7.3
   Compiling idna_adapter v1.2.2
   Compiling idna v1.1.0
   Compiling indexmap v2.14.0
   Compiling url v2.5.8
   Compiling html5ever v0.38.0
   Compiling erased-serde v0.4.10
   Compiling regex-automata v0.4.16
   Compiling time v0.3.53
   Compiling unic-ucd-ident v0.9.0
   Compiling brotli-decompressor v5.0.3
   Compiling jsonptr v0.6.3
   Compiling thiserror v1.0.69
   Compiling quick-xml v0.41.0
   Compiling thiserror v2.0.19
   Compiling same-file v1.0.6
   Compiling base64 v0.22.1
    Checking core-foundation-sys v0.8.7
   Compiling json-patch v3.0.1
   Compiling schemars v0.8.22
   Compiling walkdir v2.5.0
   Compiling dom_query v0.27.0
   Compiling cargo_metadata v0.19.2
   Compiling serde-untagged v0.1.9
   Compiling infer v0.19.0
   Compiling cmake v0.1.58
   Compiling brotli v8.0.4
   Compiling ctor v0.8.0
   Compiling serde_with v3.21.0
   Compiling anyhow v1.0.104
    Checking socket2 v0.6.5
    Checking mio v1.2.2
    Checking futures-core v0.3.33
   Compiling glob v0.3.3
   Compiling aws-lc-sys v0.43.0
    Checking tokio v1.53.0
    Checking core-foundation v0.10.1
   Compiling plist v1.10.0
    Checking block2 v0.6.2
    Checking objc2-core-foundation v0.3.2
   Compiling regex v1.13.1
   Compiling option-ext v0.2.0
   Compiling urlpattern v0.3.0
    Checking zeroize v1.9.0
    Checking futures-task v0.3.33
    Checking slab v0.4.12
   Compiling dirs-sys v0.5.0
   Compiling toml v0.9.12+spec-1.1.0
    Checking futures-util v0.3.33
   Compiling embed-resource v3.0.11
   Compiling time-macros v0.2.31
    Checking objc2-foundation v0.3.2
   Compiling simd-adler32 v0.3.10
   Compiling heck v0.5.0
   Compiling tauri-utils v2.9.3
   Compiling typenum v1.20.1
   Compiling cargo_toml v0.22.3
   Compiling tauri-winres v0.3.6
   Compiling dirs v6.0.0
   Compiling adler2 v2.0.1
   Compiling generic-array v0.14.7
   Compiling miniz_oxide v0.8.9
    Checking rustls-pki-types v1.15.0
   Compiling crc32fast v1.5.0
    Checking http-body v1.1.0
    Checking dpi v0.1.2
    Checking tracing-core v0.1.36
    Checking untrusted v0.9.0
    Checking futures-sink v0.3.33
    Checking raw-window-handle v0.6.2
    Checking tokio-util v0.7.18
    Checking tracing v0.1.44
   Compiling flate2 v1.1.9
   Compiling crypto-common v0.1.7
   Compiling block-buffer v0.10.4
    Checking crossbeam-utils v0.8.22
   Compiling fdeflate v0.3.7
    Checking security-framework-sys v2.17.0
    Checking tower-service v0.3.3
    Checking foreign-types-shared v0.3.1
    Checking subtle v2.6.1
    Checking try-lock v0.2.5
    Checking atomic-waker v1.1.2
   Compiling png v0.17.16
    Checking h2 v0.4.15
    Checking want v0.3.1
    Checking foreign-types v0.5.0
   Compiling libsqlite3-sys v0.38.1
    Checking objc2-app-kit v0.3.2
    Checking crossbeam-channel v0.5.16
    Checking security-framework v3.7.0
    Checking cookie v0.18.1
   Compiling digest v0.10.7
    Checking httparse v1.10.1
    Checking core-graphics-types v0.2.0
    Checking futures-channel v0.3.33
   Compiling cpufeatures v0.2.17
    Checking semver v1.0.28
   Compiling sha2 v0.10.9
    Checking core-graphics v0.25.0
   Compiling ico v0.5.0
    Checking dispatch2 v0.3.1
    Checking sync_wrapper v1.0.2
    Checking tower-layer v0.3.3
    Checking ipnet v2.12.0
    Checking unicode-segmentation v1.13.3
    Checking tower v0.5.3
    Checking png v0.18.1
    Checking hyper v1.10.1
    Checking keyboard-types v0.7.0
    Checking lorepia-providers v0.1.0 (/Users/codexer/LorePia_dev/crates/lorepia-providers)
    Checking errno v0.3.14
    Checking fallible-iterator v0.3.0
    Checking fallible-streaming-iterator v0.1.9
    Checking serialize-to-javascript v0.1.2
    Checking rustix v1.1.4
    Checking hyper-util v0.1.20
    Checking tower-http v0.6.11
    Checking getrandom v0.3.4
    Checking http-body-util v0.1.4
    Checking keyring-core v1.0.0
    Checking embed_plist v1.2.2
    Checking mime v0.3.17
    Checking apple-native-keyring-store v1.0.1
    Checking fs2 v0.4.3
    Checking hex v0.4.3
    Checking lorepia-safety v0.1.0 (/Users/codexer/LorePia_dev/crates/lorepia-safety)
    Checking lorepia-core v0.1.0 (/Users/codexer/LorePia_dev/crates/lorepia-core)
    Checking fastrand v2.4.1
    Checking lorepia-prompt v0.1.0 (/Users/codexer/LorePia_dev/crates/lorepia-prompt)
    Checking lorepia-credential-vault v0.1.0 (/Users/codexer/LorePia_dev/crates/lorepia-credential-vault)
    Checking tempfile v3.27.0
   Compiling tauri-build v2.6.3
   Compiling tauri-plugin v2.6.3
   Compiling tauri-codegen v2.6.3
    Checking objc2-web-kit v0.3.2
    Checking tao v0.35.3
    Checking window-vibrancy v0.6.0
    Checking muda v0.19.3
    Checking wry v0.55.1
    Checking rusqlite v0.40.1
    Checking tauri-runtime v2.11.3
    Checking tauri-runtime-wry v2.11.4
    Checking lorepia-assets v0.1.0 (/Users/codexer/LorePia_dev/crates/lorepia-assets)
    Checking lorepia-storage v0.1.0 (/Users/codexer/LorePia_dev/crates/lorepia-storage)
   Compiling tauri v2.11.5
   Compiling tauri-plugin-native-back v0.1.0 (/Users/codexer/LorePia_dev/crates/tauri-plugin-native-back)
   Compiling tauri-macros v2.6.3
   Compiling lorepia-app v0.1.0 (/Users/codexer/LorePia_dev/apps/desktop-mobile/src-tauri)
   Compiling aws-lc-rs v1.17.3
   Compiling rustls v0.23.42
    Checking rustls-webpki v0.103.13
    Checking tokio-rustls v0.26.4
    Checking rustls-platform-verifier v0.7.0
    Checking hyper-rustls v0.27.9
    Checking reqwest v0.13.4
    Checking lorepia-provider-runtime v0.1.0 (/Users/codexer/LorePia_dev/crates/lorepia-provider-runtime)
    Finished `dev` profile [unoptimized + debuginfo] target(s) in 38.02s
   Compiling objc2-exception-helper v0.1.1
   Compiling tokio v1.53.0
   Compiling aws-lc-sys v0.43.0
   Compiling tauri v2.11.5
   Compiling libsqlite3-sys v0.38.1
   Compiling tauri-macros v2.6.3
   Compiling fastrand v2.4.1
   Compiling tempfile v3.27.0
   Compiling objc2 v0.6.4
   Compiling tauri-plugin-native-back v0.1.0 (/Users/codexer/LorePia_dev/crates/tauri-plugin-native-back)
   Compiling block2 v0.6.2
   Compiling objc2-core-foundation v0.3.2
   Compiling dispatch2 v0.3.1
   Compiling tokio-util v0.7.18
   Compiling tower v0.5.3
   Compiling lorepia-app v0.1.0 (/Users/codexer/LorePia_dev/apps/desktop-mobile/src-tauri)
   Compiling tower-http v0.6.11
   Compiling h2 v0.4.15
   Compiling objc2-foundation v0.3.2
   Compiling rusqlite v0.40.1
   Compiling lorepia-storage v0.1.0 (/Users/codexer/LorePia_dev/crates/lorepia-storage)
   Compiling lorepia-assets v0.1.0 (/Users/codexer/LorePia_dev/crates/lorepia-assets)
   Compiling hyper v1.10.1
   Compiling hyper-util v0.1.20
   Compiling objc2-app-kit v0.3.2
   Compiling objc2-web-kit v0.3.2
   Compiling tao v0.35.3
   Compiling muda v0.19.3
   Compiling window-vibrancy v0.6.0
   Compiling wry v0.55.1
   Compiling tauri-runtime v2.11.3
   Compiling tauri-runtime-wry v2.11.4
   Compiling aws-lc-rs v1.17.3
   Compiling rustls v0.23.42
   Compiling rustls-webpki v0.103.13
   Compiling tokio-rustls v0.26.4
   Compiling rustls-platform-verifier v0.7.0
   Compiling hyper-rustls v0.27.9
   Compiling reqwest v0.13.4
   Compiling lorepia-provider-runtime v0.1.0 (/Users/codexer/LorePia_dev/crates/lorepia-provider-runtime)
    Finished `test` profile [unoptimized + debuginfo] target(s) in 25.27s
     Running unittests src/lib.rs (target/debug/deps/lorepia_app_lib-082f1f571408c2b2)

running 46 tests
test provider_stream::tests::control_tokens_are_bound_to_one_request ... ok
test provider_stream::tests::chat_profile_rejects_frontend_persona_fields ... ok
test provider_stream::tests::chat_request_rejects_vertex_invalid_models_and_unbounded_messages ... ok
test provider_stream::tests::chat_request_includes_completed_history_and_appends_current_user_once ... ok
test provider_stream::tests::chat_request_is_native_owned_and_minimal_without_history ... ok
test provider_stream::tests::ack_lease_failure_blocks_send_before_cancellation_token_handoff ... ok
test provider_stream::tests::exhausted_non_terminal_send_does_not_call_factory_or_channel_or_mutate_state ... ok
test provider_stream::tests::history_budget_counts_utf8_bytes_without_truncating_or_stale_fallback ... ok
test provider_stream::tests::incomplete_assistant_turns_and_their_users_are_excluded ... ok
test provider_stream::tests::history_limits_prefer_the_newest_complete_turns ... ok
test provider_stream::tests::channel_send_runs_without_machine_lock_and_failure_rolls_back ... ok
test provider_stream::tests::bounded_multiturn_request_compiles_for_each_enabled_provider ... ok
test provider_stream::tests::native_persona_registry_covers_each_built_in_character_and_rejects_unknown_ids ... ok
test provider_stream::tests::owner_cleanup_cancels_only_requests_bound_to_destroyed_window ... ok
test provider_stream::tests::last_non_terminal_sequence_is_emitted_once_and_never_duplicated ... ok
test provider_stream::tests::owner_reset_cancels_waits_for_terminal_and_releases_admission ... ok
test provider_stream::tests::never_ack_times_out_even_before_the_count_window_is_full ... ok
test provider_stream::tests::oversized_direct_event_is_rejected_before_channel_callback ... ok
test provider_stream::tests::owner_reset_fails_closed_when_terminal_storage_never_finishes ... ok
test provider_stream::tests::concurrent_senders_keep_unique_sequence_and_bounded_window ... ok
test provider_stream::tests::runtime_error_kinds_map_to_durable_failure_categories ... ok
test provider_stream::tests::reserved_byte_budget_is_an_independent_admission_gate ... ok
test provider_stream::tests::ack_progress_renews_lease_but_duplicate_ack_does_not ... ok
test provider_stream::tests::snapshot_schema_exposes_control_plane_state_only ... ok
test provider_stream::tests::storage_failure_mapping_never_needs_provider_error_text ... ok
test provider_stream::tests::storage_identity_rejects_stale_owner_generation_and_bind_replay ... ok
test provider_stream::tests::stream_persistence_batches_only_visible_text_and_merges_partial_usage ... ok
test provider_stream::tests::successful_send_commits_state_after_unlocked_channel_delivery ... ok
test provider_stream::tests::terminal_checkpoint_can_be_retried_without_losing_buffered_text ... ok
test provider_stream::tests::terminal_receipts_also_fit_the_direct_budget ... ok
test provider_stream::tests::terminal_fallback_retains_request_until_five_minute_ttl ... ok
test provider_stream::tests::utf8_splitting_preserves_text_exactly ... ok
test provider_stream::tests::registry_enforces_count_and_global_reserved_byte_budget ... ok
test provider_stream::tests::visible_output_limit_accepts_exact_boundary_and_rejects_next_byte ... ok
test provider_stream::tests::wire_sequence_stops_at_javascript_safe_integer_without_wrapping ... ok
test provider_stream::tests::worst_case_delta_fragment_stays_on_direct_channel_path ... ok
test provider_stream::tests::zero_latency_ack_waits_for_unlocked_send_commit ... ok
test provider_stream::tests::zero_latency_snapshot_waits_for_terminal_send_commit ... ok
test provider_stream::tests::repeated_registry_cleanup_has_no_count_or_byte_reservation_drift ... ok
test provider_stream::tests::reduced_deterministic_action_corpus_preserves_stream_invariants ... ok
test provider_stream::tests::exhausted_terminal_send_does_not_call_channel_or_mutate_state_or_text ... ok
test provider_stream::tests::empty_runtime_text_events_are_rejected_without_delivery_or_state_change ... ok
test provider_stream::tests::persisted_chat_character_id_selects_the_native_persona ... ok
test provider_stream::tests::terminal_uses_the_reserved_javascript_safe_sequence_after_the_last_delta ... ok
test provider_stream::tests::rejected_start_recovery_resumes_after_delivery_only_crash_window ... ok
test provider_stream::tests::terminal_ack_is_durable_and_stale_identity_or_replay_cannot_advance_it ... ok

test result: ok. 46 passed; 0 failed; 0 ignored; 0 measured; 20 filtered out; finished in 0.33s

     Running unittests src/main.rs (target/debug/deps/lorepia_app-955e3c98dc86e8e3)

running 0 tests

test result: ok. 0 passed; 0 failed; 0 ignored; 0 measured; 0 filtered out; finished in 0.00s

