
> @lorepia/desktop-mobile@0.1.0 tauri
> tauri build --debug --bundles app

        Info `tauri-build` dependency has workspace inheritance enabled. The features array won't be automatically rewritten. Expected features: []
        Info `tauri` dependency has workspace inheritance enabled. The features array won't be automatically rewritten. Expected features: []
        Info Looking up installed tauri packages to check mismatched versions...
     Running beforeBuildCommand `npm run build`

> @lorepia/desktop-mobile@0.1.0 build
> npm run build:web && npm run verify:built-boundary


> @lorepia/desktop-mobile@0.1.0 build:web
> vite build

vite v8.1.5 building ssr environment for production...
[2Ktransforming...✓ 212 modules transformed.
rendering chunks...
vite v8.1.5 building client environment for production...
[2Ktransforming...✓ 237 modules transformed.
rendering chunks...
computing gzip size...
.svelte-kit/output/client/_app/version.json                                     0.02 kB │ gzip:  0.04 kB
.svelte-kit/output/client/.vite/manifest.json                                  11.83 kB │ gzip:  1.58 kB
.svelte-kit/output/client/_app/immutable/assets/app.C9QamrhW.css                0.16 kB │ gzip:  0.14 kB
.svelte-kit/output/client/_app/immutable/assets/Avatar.eSwoZzhe.css             0.54 kB │ gzip:  0.26 kB
.svelte-kit/output/client/_app/immutable/assets/10.mBdvhlzn.css                 1.42 kB │ gzip:  0.59 kB
.svelte-kit/output/client/_app/immutable/assets/LargeTitleHeader.FfBb-UG3.css   1.51 kB │ gzip:  0.59 kB
.svelte-kit/output/client/_app/immutable/assets/9.D3UEdkmb.css                  1.67 kB │ gzip:  0.63 kB
.svelte-kit/output/client/_app/immutable/assets/8.C3f81Hqi.css                  2.75 kB │ gzip:  0.94 kB
.svelte-kit/output/client/_app/immutable/assets/4.CVGbLw86.css                  3.63 kB │ gzip:  1.08 kB
.svelte-kit/output/client/_app/immutable/assets/11.67HDNlMS.css                 3.89 kB │ gzip:  1.11 kB
.svelte-kit/output/client/_app/immutable/assets/6.D5bI0M-P.css                  4.52 kB │ gzip:  1.24 kB
.svelte-kit/output/client/_app/immutable/assets/7.a3VXC52k.css                  4.93 kB │ gzip:  1.24 kB
.svelte-kit/output/client/_app/immutable/assets/0.39DmMjuU.css                  5.45 kB │ gzip:  1.43 kB
.svelte-kit/output/client/_app/immutable/assets/tokens.06NxK0R4.css             5.69 kB │ gzip:  1.88 kB
.svelte-kit/output/client/_app/immutable/assets/2.DFew5U1V.css                  8.50 kB │ gzip:  1.83 kB
.svelte-kit/output/client/_app/immutable/assets/5.B3YJzwSG.css                 12.09 kB │ gzip:  2.71 kB
.svelte-kit/output/client/_app/immutable/assets/3.DXQpXHJE.css                 16.93 kB │ gzip:  2.89 kB
.svelte-kit/output/client/_app/immutable/chunks/DiXRITJ6.js                     0.02 kB │ gzip:  0.04 kB
.svelte-kit/output/client/_app/immutable/chunks/oThWisCF.js                     0.03 kB │ gzip:  0.05 kB
.svelte-kit/output/client/_app/immutable/chunks/xihTtKlq.js                     0.06 kB │ gzip:  0.08 kB
.svelte-kit/output/client/_app/immutable/entry/start.BmSQb1zA.js                0.08 kB │ gzip:  0.09 kB
.svelte-kit/output/client/_app/immutable/chunks/Cl3UxZBf.js                     0.19 kB │ gzip:  0.17 kB
.svelte-kit/output/client/_app/immutable/chunks/DpbVA4Ua.js                     0.27 kB │ gzip:  0.19 kB
.svelte-kit/output/client/_app/immutable/chunks/C5IdIzl-.js                     0.33 kB │ gzip:  0.18 kB
.svelte-kit/output/client/_app/immutable/nodes/1.DPrz6AQJ.js                    0.37 kB │ gzip:  0.26 kB
.svelte-kit/output/client/_app/immutable/chunks/CZf0CREx.js                     0.40 kB │ gzip:  0.29 kB
.svelte-kit/output/client/_app/immutable/chunks/Q31j47In.js                     0.42 kB │ gzip:  0.27 kB
.svelte-kit/output/client/_app/immutable/chunks/CRKZG8J_.js                     0.62 kB │ gzip:  0.43 kB
.svelte-kit/output/client/_app/immutable/chunks/BkWIQhn8.js                     0.88 kB │ gzip:  0.44 kB
.svelte-kit/output/client/_app/immutable/chunks/pxFePRoB.js                     1.15 kB │ gzip:  0.62 kB
.svelte-kit/output/client/_app/immutable/chunks/B0LLAi3S.js                     1.32 kB │ gzip:  0.58 kB
.svelte-kit/output/client/_app/immutable/chunks/Bjy-W4x2.js                     1.36 kB │ gzip:  0.65 kB
.svelte-kit/output/client/_app/immutable/chunks/BXQJoyFE.js                     1.49 kB │ gzip:  0.84 kB
.svelte-kit/output/client/_app/immutable/chunks/BzbXQSd2.js                     1.50 kB │ gzip:  0.67 kB
.svelte-kit/output/client/_app/immutable/nodes/9.Bc45k-X6.js                    1.68 kB │ gzip:  1.00 kB
.svelte-kit/output/client/_app/immutable/chunks/DxEK1kPB.js                     1.93 kB │ gzip:  0.82 kB
.svelte-kit/output/client/_app/immutable/chunks/D76sj9Rg.js                     1.96 kB │ gzip:  1.02 kB
.svelte-kit/output/client/_app/immutable/nodes/8.Dy8zeHNm.js                    2.03 kB │ gzip:  1.15 kB
.svelte-kit/output/client/_app/immutable/nodes/10.DZcghiYZ.js                   2.18 kB │ gzip:  0.82 kB
.svelte-kit/output/client/_app/immutable/nodes/4.JV23nw1n.js                    2.88 kB │ gzip:  1.49 kB
.svelte-kit/output/client/_app/immutable/nodes/11.DUosMZTh.js                   3.03 kB │ gzip:  1.59 kB
.svelte-kit/output/client/_app/immutable/chunks/CV46crSm.js                     3.45 kB │ gzip:  1.76 kB
.svelte-kit/output/client/_app/immutable/entry/app.nu2Wj6kv.js                  6.15 kB │ gzip:  2.51 kB
.svelte-kit/output/client/_app/immutable/nodes/6.DpDh88pr.js                    6.84 kB │ gzip:  2.75 kB
.svelte-kit/output/client/_app/immutable/chunks/BZycz9pl.js                     7.34 kB │ gzip:  2.87 kB
.svelte-kit/output/client/_app/immutable/chunks/C_sKvrZo.js                     9.52 kB │ gzip:  2.69 kB
.svelte-kit/output/client/_app/immutable/nodes/2.xNG6j27U.js                   10.24 kB │ gzip:  4.04 kB
.svelte-kit/output/client/_app/immutable/nodes/7.BY2cRUkp.js                   11.55 kB │ gzip:  4.84 kB
.svelte-kit/output/client/_app/immutable/chunks/Bkkr0kH5.js                    12.17 kB │ gzip:  4.37 kB
.svelte-kit/output/client/_app/immutable/nodes/0.DpQf6uO3.js                   18.34 kB │ gzip:  5.42 kB
.svelte-kit/output/client/_app/immutable/nodes/3.Bm6bhBVO.js                   23.02 kB │ gzip:  7.89 kB
.svelte-kit/output/client/_app/immutable/chunks/CEtw2j7u.js                    26.91 kB │ gzip: 10.39 kB
.svelte-kit/output/client/_app/immutable/nodes/5.BT25a9lx.js                   35.53 kB │ gzip: 12.15 kB
.svelte-kit/output/client/_app/immutable/chunks/CXGl5l4T.js                    47.35 kB │ gzip: 18.07 kB

✓ built in 303ms
computing gzip size...
.svelte-kit/output/server/.vite/manifest.json                                   11.09 kB │ gzip:  1.37 kB
.svelte-kit/output/server/_app/immutable/assets/internal.C9QamrhW.css            0.16 kB │ gzip:  0.14 kB
.svelte-kit/output/server/_app/immutable/assets/Avatar.eSwoZzhe.css              0.54 kB │ gzip:  0.26 kB
.svelte-kit/output/server/_app/immutable/assets/_page.mBdvhlzn.css               1.42 kB │ gzip:  0.59 kB
.svelte-kit/output/server/_app/immutable/assets/LargeTitleHeader.CRQ0LlGn.css    1.46 kB │ gzip:  0.58 kB
.svelte-kit/output/server/_app/immutable/assets/_page.D3UEdkmb.css               1.67 kB │ gzip:  0.63 kB
.svelte-kit/output/server/_app/immutable/assets/_page.C3f81Hqi.css               2.75 kB │ gzip:  0.94 kB
.svelte-kit/output/server/_app/immutable/assets/_page.Cd16-Jz1.css               3.58 kB │ gzip:  1.07 kB
.svelte-kit/output/server/_app/immutable/assets/_page.67HDNlMS.css               3.89 kB │ gzip:  1.11 kB
.svelte-kit/output/server/_app/immutable/assets/_page.CUU5vLBd.css               4.49 kB │ gzip:  1.23 kB
.svelte-kit/output/server/_app/immutable/assets/_page.a3VXC52k.css               4.93 kB │ gzip:  1.24 kB
.svelte-kit/output/server/_app/immutable/assets/_layout.cAp39tBo.css             5.40 kB │ gzip:  1.42 kB
.svelte-kit/output/server/_app/immutable/assets/tokens.B3vtpLiS.css              5.51 kB │ gzip:  1.84 kB
.svelte-kit/output/server/_app/immutable/assets/_page.Bk0NVHkb.css               8.40 kB │ gzip:  1.82 kB
.svelte-kit/output/server/_app/immutable/assets/_page.B5cPBAaG.css              11.87 kB │ gzip:  2.69 kB
.svelte-kit/output/server/_app/immutable/assets/_page.DgeKyD2T.css              16.88 kB │ gzip:  2.88 kB
.svelte-kit/output/server/chunks/navigation.js                                   0.03 kB │ gzip:  0.05 kB
.svelte-kit/output/server/entries/pages/_layout.ts.js                            0.07 kB │ gzip:  0.09 kB
.svelte-kit/output/server/env.js                                                 0.22 kB │ gzip:  0.14 kB
.svelte-kit/output/server/chunks/dock-chrome.svelte.js                           0.24 kB │ gzip:  0.18 kB
.svelte-kit/output/server/chunks/env.js                                          0.28 kB │ gzip:  0.17 kB
.svelte-kit/output/server/chunks/room-prefs.svelte.js                            0.31 kB │ gzip:  0.21 kB
.svelte-kit/output/server/chunks/library-search.svelte.js                        0.32 kB │ gzip:  0.20 kB
.svelte-kit/output/server/internal.js                                            0.40 kB │ gzip:  0.19 kB
.svelte-kit/output/server/entries/fallbacks/error.svelte.js                      0.42 kB │ gzip:  0.27 kB
.svelte-kit/output/server/chunks/Avatar.js                                       0.47 kB │ gzip:  0.30 kB
.svelte-kit/output/server/chunks/credentials.js                                  0.69 kB │ gzip:  0.36 kB
.svelte-kit/output/server/chunks/internal.js                                     0.87 kB │ gzip:  0.38 kB
.svelte-kit/output/server/chunks/LargeTitleHeader.js                             1.05 kB │ gzip:  0.41 kB
.svelte-kit/output/server/chunks/time-of-day.js                                  1.21 kB │ gzip:  0.61 kB
.svelte-kit/output/server/chunks/native-back.js                                  1.68 kB │ gzip:  0.67 kB
.svelte-kit/output/server/entries/pages/create/_page.svelte.js                   1.83 kB │ gzip:  1.00 kB
.svelte-kit/output/server/entries/pages/home/_page.svelte.js                     2.32 kB │ gzip:  0.83 kB
.svelte-kit/output/server/entries/pages/community/_page.svelte.js                2.38 kB │ gzip:  1.13 kB
.svelte-kit/output/server/chunks/state.js                                        2.45 kB │ gzip:  1.04 kB
.svelte-kit/output/server/entries/pages/character/_id_/_page.svelte.js           2.93 kB │ gzip:  1.18 kB
.svelte-kit/output/server/entries/pages/chat/report/_page.svelte.js              3.12 kB │ gzip:  1.42 kB
.svelte-kit/output/server/entries/pages/import/_page.svelte.js                   3.45 kB │ gzip:  1.56 kB
.svelte-kit/output/server/chunks/chat-history.js                                 3.84 kB │ gzip:  1.48 kB
.svelte-kit/output/server/chunks/sample.js                                       4.05 kB │ gzip:  1.93 kB
.svelte-kit/output/server/entries/pages/_layout.svelte.js                        4.27 kB │ gzip:  1.72 kB
.svelte-kit/output/server/entries/pages/chat/info/_page.svelte.js                5.14 kB │ gzip:  1.75 kB
.svelte-kit/output/server/chunks/native-support.js                               7.19 kB │ gzip:  2.08 kB
.svelte-kit/output/server/entries/pages/_page.svelte.js                          9.35 kB │ gzip:  2.85 kB
.svelte-kit/output/server/chunks/shared.js                                      10.59 kB │ gzip:  3.39 kB
.svelte-kit/output/server/chunks/exports.js                                     11.35 kB │ gzip:  3.54 kB
.svelte-kit/output/server/chunks/app-preferences.svelte.js                      12.93 kB │ gzip:  3.78 kB
.svelte-kit/output/server/chunks/client2.js                                     15.85 kB │ gzip:  3.40 kB
.svelte-kit/output/server/entries/pages/chat/_page.svelte.js                    17.71 kB │ gzip:  4.36 kB
.svelte-kit/output/server/entries/pages/account/_page.svelte.js                 18.01 kB │ gzip:  4.60 kB
.svelte-kit/output/server/chunks/internal2.js                                   21.09 kB │ gzip:  6.55 kB
.svelte-kit/output/server/chunks/utils.js                                       31.76 kB │ gzip:  9.35 kB
.svelte-kit/output/server/chunks/client.js                                      51.72 kB │ gzip: 15.13 kB
.svelte-kit/output/server/remote-entry.js                                       54.47 kB │ gzip: 12.01 kB
.svelte-kit/output/server/index.js                                             123.86 kB │ gzip: 31.43 kB
.svelte-kit/output/server/chunks/index-server.js                               129.58 kB │ gzip: 33.62 kB

✓ built in 1.66s

Run npm run preview to preview your production build locally.

> Using @sveltejs/adapter-static
  Wrote site to "build"
  ✔ done

> @lorepia/desktop-mobile@0.1.0 verify:built-boundary
> node scripts/verify-built-executable-boundary.mjs

verified 55 frontend build files; DISABLED_BY_SECURITY_POLICY
   Compiling proc-macro2 v1.0.107
   Compiling quote v1.0.47
   Compiling unicode-ident v1.0.24
   Compiling libc v0.2.186
   Compiling serde_core v1.0.229
   Compiling find-msvc-tools v0.1.9
   Compiling shlex v2.0.1
   Compiling itoa v1.0.18
   Compiling memchr v2.8.3
   Compiling cfg-if v1.0.4
   Compiling litemap v0.8.2
   Compiling writeable v0.6.3
   Compiling utf8_iter v1.0.4
   Compiling zmij v1.0.23
   Compiling siphasher v1.0.3
   Compiling icu_properties_data v2.2.0
   Compiling icu_normalizer_data v2.2.0
   Compiling phf_shared v0.13.1
   Compiling fastrand v2.4.1
   Compiling phf_generator v0.13.1
   Compiling bytes v1.12.1
   Compiling stable_deref_trait v1.2.1
   Compiling dunce v1.0.5
   Compiling getrandom v0.4.3
   Compiling serde v1.0.229
   Compiling smallvec v1.15.2
   Compiling log v0.4.33
   Compiling syn v2.0.119
   Compiling syn v3.0.0
   Compiling jobserver v0.1.35
   Compiling cc v1.3.0
   Compiling bitflags v2.13.1
   Compiling http v1.4.2
   Compiling fnv v1.0.7
   Compiling hashbrown v0.17.1
   Compiling equivalent v1.0.2
   Compiling thiserror v2.0.19
   Compiling num-conv v0.2.2
   Compiling winnow v1.0.4
   Compiling time-core v0.1.9
   Compiling indexmap v2.14.0
   Compiling toml_parser v1.1.2+spec-1.1.0
   Compiling phf_codegen v0.13.1
   Compiling aho-corasick v1.1.4
   Compiling ident_case v1.0.1
   Compiling strsim v0.11.1
   Compiling base64 v0.22.1
   Compiling serde_derive v1.0.229
   Compiling thiserror-impl v2.0.19
   Compiling deranged v0.5.8
   Compiling typeid v1.0.3
   Compiling serde_json v1.0.150
   Compiling toml_writer v1.1.2+spec-1.1.0
   Compiling regex-syntax v0.8.11
   Compiling powerfmt v0.2.0
   Compiling byteorder v1.5.0
   Compiling parking_lot_core v0.9.12
   Compiling erased-serde v0.4.10
   Compiling synstructure v0.13.2
   Compiling darling_core v0.23.0
   Compiling scopeguard v1.2.0
   Compiling thiserror v1.0.69
   Compiling new_debug_unreachable v1.0.6
   Compiling unic-char-range v0.9.0
   Compiling unic-common v0.9.0
   Compiling unic-char-property v0.9.0
   Compiling unic-ucd-version v0.9.0
   Compiling lock_api v0.4.14
   Compiling string_cache_codegen v0.6.1
   Compiling regex-automata v0.4.16
   Compiling alloc-no-stdlib v2.0.4
   Compiling precomputed-hash v0.1.1
   Compiling pkg-config v0.3.33
   Compiling alloc-stdlib v0.2.4
   Compiling web_atoms v0.2.5
   Compiling parking_lot v0.12.5
   Compiling unic-ucd-ident v0.9.0
   Compiling objc2-exception-helper v0.1.1
   Compiling serde_spanned v1.1.1
   Compiling quick-xml v0.41.0
   Compiling zerofrom-derive v0.1.7
   Compiling yoke-derive v0.8.2
   Compiling zerovec-derive v0.11.3
   Compiling displaydoc v0.2.6
   Compiling phf_macros v0.13.1
   Compiling thiserror-impl v1.0.69
   Compiling anyhow v1.0.104
   Compiling version_check v0.9.5
   Compiling zerofrom v0.1.8
   Compiling phf v0.13.1
   Compiling string_cache v0.9.0
   Compiling darling_macro v0.23.0
   Compiling brotli-decompressor v5.0.3
   Compiling semver v1.0.28
   Compiling yoke v0.8.3
   Compiling darling v0.23.0
   Compiling regex v1.13.1
   Compiling dtoa v1.0.11
   Compiling percent-encoding v2.3.2
   Compiling ctor-proc-macro v0.0.7
   Compiling autocfg v1.5.1
   Compiling same-file v1.0.6
   Compiling once_cell v1.21.4
   Compiling ctor v0.8.0
   Compiling indexmap v1.9.3
   Compiling walkdir v2.5.0
   Compiling form_urlencoded v1.2.2
   Compiling dtoa-short v0.3.5
   Compiling brotli v8.0.4
   Compiling derive_more-impl v2.1.1
   Compiling cssparser-macros v0.6.1
   Compiling zerovec v0.11.6
   Compiling zerotrie v0.2.4
   Compiling tendril v0.5.1
   Compiling uuid v1.24.0
   Compiling serde_with_macros v3.21.0
   Compiling selectors v0.36.1
   Compiling toml_datetime v1.1.1+spec-1.1.0
   Compiling camino v1.2.4
   Compiling objc2 v0.6.4
   Compiling pin-project-lite v0.2.17
   Compiling glob v0.3.3
   Compiling toml v1.1.3+spec-1.1.0
   Compiling markup5ever v0.38.0
   Compiling derive_more v2.1.1
   Compiling tinystr v0.8.3
   Compiling potential_utf v0.1.5
   Compiling icu_collections v2.2.0
   Compiling icu_locale_core v2.2.0
   Compiling cssparser v0.36.0
   Compiling swift-rs v1.0.7
   Compiling serde_derive_internals v0.29.1
   Compiling icu_provider v2.2.0
   Compiling servo_arc v0.4.3
   Compiling icu_properties v2.2.0
   Compiling icu_normalizer v2.2.0
   Compiling schemars v0.8.22
   Compiling hashbrown v0.12.3
   Compiling objc2-encode v4.1.0
   Compiling rustc-hash v2.1.3
   Compiling bit-vec v0.8.0
   Compiling bit-set v0.8.0
   Compiling schemars_derive v0.8.22
   Compiling idna_adapter v1.2.2
   Compiling idna v1.1.0
   Compiling url v2.5.8
   Compiling html5ever v0.38.0
   Compiling cfb v0.7.3
   Compiling cargo-platform v0.1.9
   Compiling jsonptr v0.6.3
   Compiling time v0.3.53
   Compiling base64 v0.21.7
   Compiling core-foundation-sys v0.8.7
   Compiling dyn-clone v1.0.20
   Compiling foldhash v0.2.0
   Compiling serde-untagged v0.1.9
   Compiling infer v0.19.0
   Compiling json-patch v3.0.1
   Compiling cargo_metadata v0.19.2
   Compiling urlpattern v0.3.0
   Compiling serde_with v3.21.0
   Compiling tokio-macros v2.7.1
   Compiling dom_query v0.27.0
   Compiling cmake v0.1.58
   Compiling socket2 v0.6.5
   Compiling mio v1.2.2
   Compiling futures-core v0.3.33
   Compiling fs_extra v1.3.0
   Compiling core-foundation v0.10.1
   Compiling aws-lc-sys v0.43.0
   Compiling tokio v1.53.0
   Compiling option-ext v0.2.0
   Compiling plist v1.10.0
   Compiling dirs-sys v0.5.0
   Compiling block2 v0.6.2
   Compiling objc2-core-foundation v0.3.2
   Compiling generic-array v0.14.7
   Compiling simd-adler32 v0.3.10
   Compiling crc32fast v1.5.0
   Compiling dirs v6.0.0
   Compiling rustc_version v0.4.1
   Compiling futures-macro v0.3.33
   Compiling toml_datetime v0.7.5+spec-1.1.0
   Compiling slab v0.4.12
   Compiling aws-lc-rs v1.17.3
   Compiling objc2-foundation v0.3.2
   Compiling winnow v0.7.15
   Compiling zeroize v1.9.0
   Compiling typenum v1.20.1
   Compiling futures-task v0.3.33
   Compiling adler2 v2.0.1
   Compiling futures-util v0.3.33
   Compiling embed-resource v3.0.11
   Compiling miniz_oxide v0.8.9
   Compiling tauri-utils v2.9.3
   Compiling time-macros v0.2.31
   Compiling heck v0.5.0
   Compiling flate2 v1.1.9
   Compiling tauri-winres v0.3.6
   Compiling fdeflate v0.3.7
   Compiling crossbeam-utils v0.8.22
   Compiling crypto-common v0.1.7
   Compiling block-buffer v0.10.4
   Compiling toml v0.9.12+spec-1.1.0
   Compiling rustls-pki-types v1.15.0
   Compiling tracing-core v0.1.36
   Compiling cookie v0.18.1
   Compiling dpi v0.1.2
   Compiling http-body v1.1.0
   Compiling rustls v0.23.42
   Compiling cargo_toml v0.22.3
   Compiling httparse v1.10.1
   Compiling raw-window-handle v0.6.2
   Compiling futures-sink v0.3.33
   Compiling untrusted v0.9.0
   Compiling tokio-util v0.7.18
   Compiling tracing v0.1.44
   Compiling digest v0.10.7
   Compiling security-framework-sys v2.17.0
   Compiling foreign-types-macros v0.2.3
   Compiling objc2-app-kit v0.3.2
   Compiling cpufeatures v0.2.17
   Compiling subtle v2.6.1
   Compiling try-lock v0.2.5
   Compiling foreign-types-shared v0.3.1
   Compiling tower-service v0.3.3
   Compiling bitflags v1.3.2
   Compiling vcpkg v0.2.15
   Compiling atomic-waker v1.1.2
   Compiling png v0.17.16
   Compiling h2 v0.4.15
   Compiling foreign-types v0.5.0
   Compiling want v0.3.1
   Compiling sha2 v0.10.9
   Compiling libsqlite3-sys v0.38.1
   Compiling security-framework v3.7.0
   Compiling crossbeam-channel v0.5.16
   Compiling core-graphics-types v0.2.0
   Compiling futures-channel v0.3.33
   Compiling tauri-runtime v2.11.3
   Compiling wry v0.55.1
   Compiling tauri-build v2.6.3
   Compiling tauri-plugin v2.6.3
   Compiling hyper v1.10.1
   Compiling core-graphics v0.25.0
   Compiling ico v0.5.0
   Compiling dispatch2 v0.3.1
   Compiling sync_wrapper v1.0.2
   Compiling getrandom v0.3.4
   Compiling ipnet v2.12.0
   Compiling unicode-segmentation v1.13.3
   Compiling tauri-runtime-wry v2.11.4
   Compiling tower-layer v0.3.3
   Compiling keyboard-types v0.7.0
   Compiling tower v0.5.3
   Compiling hyper-util v0.1.20
   Compiling objc2-web-kit v0.3.2
   Compiling tao v0.35.3
   Compiling tauri-codegen v2.6.3
   Compiling png v0.18.1
   Compiling lorepia-providers v0.1.0 (/Users/codexer/LorePia_dev/crates/lorepia-providers)
   Compiling serialize-to-javascript-impl v0.1.2
   Compiling fallible-streaming-iterator v0.1.9
   Compiling rustix v1.1.4
   Compiling fallible-iterator v0.3.0
   Compiling muda v0.19.3
   Compiling serialize-to-javascript v0.1.2
   Compiling tower-http v0.6.11
   Compiling window-vibrancy v0.6.0
   Compiling http-body-util v0.1.4
   Compiling serde_repr v0.1.21
   Compiling errno v0.3.14
   Compiling keyring-core v1.0.0
   Compiling mime v0.3.17
   Compiling embed_plist v1.2.2
   Compiling lorepia-prompt v0.1.0 (/Users/codexer/LorePia_dev/crates/lorepia-prompt)
   Compiling apple-native-keyring-store v1.0.1
   Compiling fs2 v0.4.3
   Compiling hex v0.4.3
   Compiling lorepia-credential-vault v0.1.0 (/Users/codexer/LorePia_dev/crates/lorepia-credential-vault)
   Compiling lorepia-safety v0.1.0 (/Users/codexer/LorePia_dev/crates/lorepia-safety)
   Compiling lorepia-core v0.1.0 (/Users/codexer/LorePia_dev/crates/lorepia-core)
   Compiling rusqlite v0.40.1
   Compiling tauri v2.11.5
   Compiling tauri-plugin-native-back v0.1.0 (/Users/codexer/LorePia_dev/crates/tauri-plugin-native-back)
   Compiling tauri-macros v2.6.3
   Compiling lorepia-app v0.1.0 (/Users/codexer/LorePia_dev/apps/desktop-mobile/src-tauri)
   Compiling lorepia-storage v0.1.0 (/Users/codexer/LorePia_dev/crates/lorepia-storage)
   Compiling lorepia-assets v0.1.0 (/Users/codexer/LorePia_dev/crates/lorepia-assets)
   Compiling rustls-webpki v0.103.13
   Compiling tokio-rustls v0.26.4
   Compiling rustls-platform-verifier v0.7.0
   Compiling hyper-rustls v0.27.9
   Compiling reqwest v0.13.4
   Compiling lorepia-provider-runtime v0.1.0 (/Users/codexer/LorePia_dev/crates/lorepia-provider-runtime)
    Finished `dev` profile [unoptimized + debuginfo] target(s) in 58.92s
       Built application at: /Users/codexer/LorePia_dev/target/debug/lorepia-app
    Bundling LorePia.app (/Users/codexer/LorePia_dev/target/debug/bundle/macos/LorePia.app)
    Finished 1 bundle at:
        /Users/codexer/LorePia_dev/target/debug/bundle/macos/LorePia.app

